mode: set
url-shortener/cmd/main.go:14.13,16.89 1 0
url-shortener/cmd/main.go:16.89,19.3 2 0
url-shortener/cmd/main.go:20.2,20.16 1 0
url-shortener/cmd/main.go:20.16,21.13 1 0
url-shortener/cmd/main.go:23.2,35.29 7 0
url-shortener/internal/shared/app/lambda_router.go:14.38,18.2 1 0
url-shortener/internal/shared/app/lambda_router.go:20.160,22.2 1 0
url-shortener/internal/shared/app/lambda_router.go:24.131,26.9 2 0
url-shortener/internal/shared/app/lambda_router.go:26.9,31.3 1 0
url-shortener/internal/shared/app/lambda_router.go:33.2,33.30 1 0
url-shortener/internal/shorturl/core/shorturl_entity.go:16.13,18.2 1 0
url-shortener/internal/shorturl/core/shorturl_entity.go:20.32,22.2 1 0
url-shortener/internal/shorturl/infrastructure/mock_repository.go:26.81,30.2 3 0
url-shortener/internal/shorturl/infrastructure/mock_repository.go:33.79,35.2 1 0
url-shortener/internal/shorturl/infrastructure/mock_repository.go:38.72,44.2 5 0
url-shortener/internal/shorturl/infrastructure/mock_repository.go:47.84,50.2 2 0
url-shortener/internal/shorturl/infrastructure/mock_repository.go:53.60,58.2 4 0
url-shortener/internal/shorturl/infrastructure/mock_repository.go:61.82,64.2 2 0
url-shortener/internal/shorturl/infrastructure/shorturl_dynamodb.go:19.99,24.2 1 0
url-shortener/internal/shorturl/infrastructure/shorturl_dynamodb.go:26.64,38.16 2 0
url-shortener/internal/shorturl/infrastructure/shorturl_dynamodb.go:38.16,39.13 1 0
url-shortener/internal/shorturl/infrastructure/shorturl_dynamodb.go:42.2,44.12 2 0
url-shortener/internal/shorturl/infrastructure/shorturl_dynamodb.go:47.76,55.16 2 0
url-shortener/internal/shorturl/infrastructure/shorturl_dynamodb.go:55.16,56.13 1 0
url-shortener/internal/shorturl/infrastructure/shorturl_dynamodb.go:59.2,59.24 1 0
url-shortener/internal/shorturl/infrastructure/shorturl_dynamodb.go:59.24,61.3 1 0
url-shortener/internal/shorturl/infrastructure/shorturl_dynamodb.go:63.2,66.16 3 0
url-shortener/internal/shorturl/infrastructure/shorturl_dynamodb.go:66.16,68.3 1 0
url-shortener/internal/shorturl/infrastructure/shorturl_dynamodb.go:70.2,70.17 1 0
url-shortener/internal/shorturl/app/shorturl_handler.go:17.84,19.2 1 0
url-shortener/internal/shorturl/app/shorturl_handler.go:21.147,22.28 1 0
url-shortener/internal/shorturl/app/shorturl_handler.go:23.23,24.36 1 0
url-shortener/internal/shorturl/app/shorturl_handler.go:25.22,26.33 1 0
url-shortener/internal/shorturl/app/shorturl_handler.go:27.10,31.9 1 0
url-shortener/internal/shorturl/app/shorturl_handler.go:35.128,40.39 3 0
url-shortener/internal/shorturl/app/shorturl_handler.go:40.39,45.3 1 0
url-shortener/internal/shorturl/app/shorturl_handler.go:47.2,47.58 1 0
url-shortener/internal/shorturl/app/shorturl_handler.go:47.58,53.3 2 0
url-shortener/internal/shorturl/app/shorturl_handler.go:55.2,58.8 1 0
url-shortener/internal/shorturl/app/shorturl_handler.go:61.125,64.16 3 0
url-shortener/internal/shorturl/app/shorturl_handler.go:64.16,70.3 2 0
url-shortener/internal/shorturl/app/shorturl_handler.go:72.2,72.16 1 0
url-shortener/internal/shorturl/app/shorturl_handler.go:72.16,77.3 1 0
url-shortener/internal/shorturl/app/shorturl_handler.go:79.2,80.16 2 0
url-shortener/internal/shorturl/app/shorturl_handler.go:80.16,86.3 2 0
url-shortener/internal/shorturl/app/shorturl_handler.go:88.2,91.8 1 0
url-shortener/internal/shorturl/app/shorturl_service.go:9.72,11.2 1 0
url-shortener/internal/shorturl/app/shorturl_service.go:13.58,15.2 1 0
url-shortener/internal/shorturl/app/shorturl_service.go:17.64,19.2 1 0
url-shortener/internal/shorturl/app/shorturl_handler.go:17.84,19.2 1 1
url-shortener/internal/shorturl/app/shorturl_handler.go:21.147,22.28 1 1
url-shortener/internal/shorturl/app/shorturl_handler.go:23.23,24.36 1 1
url-shortener/internal/shorturl/app/shorturl_handler.go:25.22,26.33 1 1
url-shortener/internal/shorturl/app/shorturl_handler.go:27.10,31.9 1 1
url-shortener/internal/shorturl/app/shorturl_handler.go:35.128,40.39 3 1
url-shortener/internal/shorturl/app/shorturl_handler.go:40.39,45.3 1 1
url-shortener/internal/shorturl/app/shorturl_handler.go:47.2,47.58 1 1
url-shortener/internal/shorturl/app/shorturl_handler.go:47.58,53.3 2 1
url-shortener/internal/shorturl/app/shorturl_handler.go:55.2,58.8 1 1
url-shortener/internal/shorturl/app/shorturl_handler.go:61.125,64.16 3 1
url-shortener/internal/shorturl/app/shorturl_handler.go:64.16,70.3 2 1
url-shortener/internal/shorturl/app/shorturl_handler.go:72.2,72.16 1 1
url-shortener/internal/shorturl/app/shorturl_handler.go:72.16,77.3 1 1
url-shortener/internal/shorturl/app/shorturl_handler.go:79.2,80.16 2 1
url-shortener/internal/shorturl/app/shorturl_handler.go:80.16,86.3 2 0
url-shortener/internal/shorturl/app/shorturl_handler.go:88.2,91.8 1 1
url-shortener/internal/shorturl/app/shorturl_service.go:9.72,11.2 1 1
url-shortener/internal/shorturl/app/shorturl_service.go:13.58,15.2 1 1
url-shortener/internal/shorturl/app/shorturl_service.go:17.64,19.2 1 1
url-shortener/internal/shorturl/core/shorturl_entity.go:16.13,18.2 1 1
url-shortener/internal/shorturl/core/shorturl_entity.go:20.32,22.2 1 1
url-shortener/internal/shorturl/infrastructure/mock_repository.go:26.81,30.2 3 1
url-shortener/internal/shorturl/infrastructure/mock_repository.go:33.79,35.2 1 1
url-shortener/internal/shorturl/infrastructure/mock_repository.go:38.72,44.2 5 1
url-shortener/internal/shorturl/infrastructure/mock_repository.go:47.84,50.2 2 1
url-shortener/internal/shorturl/infrastructure/mock_repository.go:53.60,58.2 4 1
url-shortener/internal/shorturl/infrastructure/mock_repository.go:61.82,64.2 2 1
url-shortener/internal/shorturl/infrastructure/shorturl_dynamodb.go:19.99,24.2 1 0
url-shortener/internal/shorturl/infrastructure/shorturl_dynamodb.go:26.64,38.16 2 0
url-shortener/internal/shorturl/infrastructure/shorturl_dynamodb.go:38.16,39.13 1 0
url-shortener/internal/shorturl/infrastructure/shorturl_dynamodb.go:42.2,44.12 2 0
url-shortener/internal/shorturl/infrastructure/shorturl_dynamodb.go:47.76,55.16 2 0
url-shortener/internal/shorturl/infrastructure/shorturl_dynamodb.go:55.16,56.13 1 0
url-shortener/internal/shorturl/infrastructure/shorturl_dynamodb.go:59.2,59.24 1 0
url-shortener/internal/shorturl/infrastructure/shorturl_dynamodb.go:59.24,61.3 1 0
url-shortener/internal/shorturl/infrastructure/shorturl_dynamodb.go:63.2,66.16 3 0
url-shortener/internal/shorturl/infrastructure/shorturl_dynamodb.go:66.16,68.3 1 0
url-shortener/internal/shorturl/infrastructure/shorturl_dynamodb.go:70.2,70.17 1 0
